[lsxs.me/triangles.html]
[www.google-analytics.com/analytics.js]
[backblue.gif]
[fade.gif]
[index.html]
[lsxs.me/images/favicon3.ico]
[lsxs.me/InfiniteTubes/css/normalize.css]
[lsxs.me/InfiniteTubes/css/demo.css]
[lsxs.me/styles/styles.css]
[use.typekit.net/uok8swb.css]
[ajax.googleapis.com/ajax/libs/jquery/3.5.1/jquery.min.js]
[lsxs.me/InfiniteTubes/js/vendors/perlin.js]
[lsxs.me/triangles.html]
[lsxs.me/InfiniteTubes/css/normalize.css]
[lsxs.me/InfiniteTubes/css/demo.css]
[lsxs.me/styles/styles.css]
[lsxs.me/InfiniteTubes/js/demo5.js]
[lsxs.me/InfiniteTubes/js/vendors/three.min.js]
[use.typekit.net/af/a8a439/00000000000000003b9b21dc/27/le196]
[use.typekit.net/af/a8a439/00000000000000003b9b21dc/27/de196]
[use.typekit.net/af/a8a439/00000000000000003b9b21dc/27/ae196]
[use.typekit.net/af/077186/00000000000000000001793e/27/le196]
[use.typekit.net/af/077186/00000000000000000001793e/27/de196]
[use.typekit.net/af/077186/00000000000000000001793e/27/ae196]
[use.typekit.net/af/657ff9/000000000000000000014a2e/27/le196]
[use.typekit.net/af/657ff9/000000000000000000014a2e/27/de196]
[use.typekit.net/af/657ff9/000000000000000000014a2e/27/ae196]
[use.typekit.net/uok8swb.css]
[p.typekit.net/p76f2.css]
